2025-01-04 10:56:40 DEBUG TestNG:82 - suiteXmlPath: "H:\EclipseNewWorkspace\OpenCartV2025\master.xml"
2025-01-04 10:56:52 INFO  TC001_AccountRegistrationTest:14 - *************starting TC001_AccountRegistrationTest**********
2025-01-04 10:56:52 INFO  TC001_AccountRegistrationTest:20 - Clicked on My Account
2025-01-04 10:56:53 INFO  TC001_AccountRegistrationTest:23 - Clicked on Rwegister link
2025-01-04 10:56:53 INFO  TC001_AccountRegistrationTest:27 - Providing customer details
2025-01-04 10:56:56 INFO  TC001_AccountRegistrationTest:40 - Validation expected message....
2025-01-04 10:56:56 INFO  TC001_AccountRegistrationTest:60 - *************finished TC001_AccountRegistrationTest**********
2025-01-04 10:57:03 INFO  TC002_LoginTest:15 - *******Starting TC002*********
2025-01-04 10:57:05 INFO  TC002_LoginTest:43 - ***********Finished TC002*******
2025-01-04 11:04:52 DEBUG TestNG:82 - suiteXmlPath: "H:\EclipseNewWorkspace\OpenCartV2025\master.xml"
2025-01-04 11:04:59 INFO  TC001_AccountRegistrationTest:14 - *************starting TC001_AccountRegistrationTest**********
2025-01-04 11:04:59 INFO  TC001_AccountRegistrationTest:20 - Clicked on My Account
2025-01-04 11:05:00 INFO  TC001_AccountRegistrationTest:23 - Clicked on Rwegister link
2025-01-04 11:05:00 INFO  TC001_AccountRegistrationTest:27 - Providing customer details
2025-01-04 11:05:03 INFO  TC001_AccountRegistrationTest:40 - Validation expected message....
2025-01-04 11:05:03 INFO  TC001_AccountRegistrationTest:60 - *************finished TC001_AccountRegistrationTest**********
2025-01-04 11:05:08 INFO  TC002_LoginTest:15 - *******Starting TC002*********
2025-01-04 11:05:10 INFO  TC002_LoginTest:43 - ***********Finished TC002*******
2025-01-04 11:10:07 DEBUG TestNG:82 - suiteXmlPath: "H:\EclipseNewWorkspace\OpenCartV2025\master.xml"
2025-01-04 11:10:18 INFO  TC001_AccountRegistrationTest:14 - *************starting TC001_AccountRegistrationTest**********
2025-01-04 11:10:18 INFO  TC001_AccountRegistrationTest:20 - Clicked on My Account
2025-01-04 11:10:19 INFO  TC001_AccountRegistrationTest:23 - Clicked on Rwegister link
2025-01-04 11:10:19 INFO  TC001_AccountRegistrationTest:27 - Providing customer details
2025-01-04 11:10:21 INFO  TC001_AccountRegistrationTest:40 - Validation expected message....
2025-01-04 11:10:21 INFO  TC001_AccountRegistrationTest:60 - *************finished TC001_AccountRegistrationTest**********
2025-01-04 11:10:26 INFO  TC002_LoginTest:15 - *******Starting TC002*********
2025-01-04 11:10:28 INFO  TC002_LoginTest:43 - ***********Finished TC002*******
